{"/Users/lzz/github/pandora/base/base.js":{"b":{"1":[100,98,16,16,16],"10":[29,0],"11":[8,6],"12":[24,14],"13":[2,1],"14":[0,56],"15":[2,54],"16":[42,17],"17":[19,12],"18":[1,53],"19":[41,12],"2":[0,45],"20":[14,14],"21":[11,3],"22":[2,6],"23":[2,6],"24":[3,3],"25":[1,16],"3":[16,29],"4":[45,45,41],"5":[4,12],"6":[2,2],"7":[4,2],"8":[3,9],"9":[12,5]},"branchMap":{"1":{"line":20,"locations":[{"end":{"column":17,"line":20},"start":{"column":14,"line":20}},{"end":{"column":63,"line":21},"start":{"column":6,"line":21}},{"end":{"column":21,"line":22},"start":{"column":6,"line":22}},{"end":{"column":46,"line":23},"start":{"column":6,"line":23}},{"end":{"column":63,"line":24},"start":{"column":6,"line":24}}],"type":"binary-expr"},"10":{"line":47,"locations":[{"end":{"column":13,"line":47},"start":{"column":13,"line":47}},{"end":{"column":13,"line":47},"start":{"column":13,"line":47}}],"type":"if"},"11":{"line":61,"locations":[{"end":{"column":4,"line":61},"start":{"column":4,"line":61}},{"end":{"column":4,"line":61},"start":{"column":4,"line":61}}],"type":"if"},"12":{"line":66,"locations":[{"end":{"column":6,"line":66},"start":{"column":6,"line":66}},{"end":{"column":6,"line":66},"start":{"column":6,"line":66}}],"type":"if"},"13":{"line":156,"locations":[{"end":{"column":6,"line":156},"start":{"column":6,"line":156}},{"end":{"column":6,"line":156},"start":{"column":6,"line":156}}],"type":"if"},"14":{"line":185,"locations":[{"end":{"column":53,"line":185},"start":{"column":30,"line":185}},{"end":{"column":70,"line":185},"start":{"column":56,"line":185}}],"type":"cond-expr"},"15":{"line":187,"locations":[{"end":{"column":6,"line":187},"start":{"column":6,"line":187}},{"end":{"column":6,"line":187},"start":{"column":6,"line":187}}],"type":"if"},"16":{"line":195,"locations":[{"end":{"column":10,"line":195},"start":{"column":10,"line":195}},{"end":{"column":10,"line":195},"start":{"column":10,"line":195}}],"type":"if"},"17":{"line":211,"locations":[{"end":{"column":10,"line":211},"start":{"column":10,"line":211}},{"end":{"column":10,"line":211},"start":{"column":10,"line":211}}],"type":"if"},"18":{"line":224,"locations":[{"end":{"column":6,"line":224},"start":{"column":6,"line":224}},{"end":{"column":6,"line":224},"start":{"column":6,"line":224}}],"type":"if"},"19":{"line":227,"locations":[{"end":{"column":8,"line":227},"start":{"column":8,"line":227}},{"end":{"column":8,"line":227},"start":{"column":8,"line":227}}],"type":"if"},"2":{"line":33,"locations":[{"end":{"column":6,"line":33},"start":{"column":6,"line":33}},{"end":{"column":6,"line":33},"start":{"column":6,"line":33}}],"type":"if"},"20":{"line":247,"locations":[{"end":{"column":12,"line":247},"start":{"column":6,"line":247}},{"end":{"column":47,"line":247},"start":{"column":17,"line":247}}],"type":"binary-expr"},"21":{"line":249,"locations":[{"end":{"column":6,"line":249},"start":{"column":6,"line":249}},{"end":{"column":6,"line":249},"start":{"column":6,"line":249}}],"type":"if"},"22":{"line":256,"locations":[{"end":{"column":8,"line":256},"start":{"column":8,"line":256}},{"end":{"column":8,"line":256},"start":{"column":8,"line":256}}],"type":"if"},"23":{"line":260,"locations":[{"end":{"column":8,"line":260},"start":{"column":8,"line":260}},{"end":{"column":8,"line":260},"start":{"column":8,"line":260}}],"type":"if"},"24":{"line":266,"locations":[{"end":{"column":8,"line":266},"start":{"column":8,"line":266}},{"end":{"column":8,"line":266},"start":{"column":8,"line":266}}],"type":"if"},"25":{"line":290,"locations":[{"end":{"column":8,"line":290},"start":{"column":8,"line":290}},{"end":{"column":8,"line":290},"start":{"column":8,"line":290}}],"type":"if"},"3":{"line":39,"locations":[{"end":{"column":6,"line":39},"start":{"column":6,"line":39}},{"end":{"column":6,"line":39},"start":{"column":6,"line":39}}],"type":"if"},"4":{"line":39,"locations":[{"end":{"column":19,"line":39},"start":{"column":10,"line":39}},{"end":{"column":34,"line":40},"start":{"column":10,"line":40}},{"end":{"column":49,"line":40},"start":{"column":39,"line":40}}],"type":"binary-expr"},"5":{"line":42,"locations":[{"end":{"column":39,"line":43},"start":{"column":11,"line":43}},{"end":{"column":39,"line":44},"start":{"column":11,"line":44}}],"type":"cond-expr"},"6":{"line":43,"locations":[{"end":{"column":34,"line":43},"start":{"column":31,"line":43}},{"end":{"column":39,"line":43},"start":{"column":37,"line":43}}],"type":"cond-expr"},"7":{"line":43,"locations":[{"end":{"column":14,"line":43},"start":{"column":11,"line":43}},{"end":{"column":28,"line":43},"start":{"column":18,"line":43}}],"type":"binary-expr"},"8":{"line":44,"locations":[{"end":{"column":34,"line":44},"start":{"column":31,"line":44}},{"end":{"column":39,"line":44},"start":{"column":37,"line":44}}],"type":"cond-expr"},"9":{"line":44,"locations":[{"end":{"column":14,"line":44},"start":{"column":11,"line":44}},{"end":{"column":28,"line":44},"start":{"column":18,"line":44}}],"type":"binary-expr"}},"f":{"1":47,"10":12,"11":31,"12":14,"13":8,"14":1,"15":1,"2":100,"3":61,"4":14,"5":3,"6":14,"7":3,"8":56,"9":41},"fnMap":{"1":{"line":15,"loc":{"end":{"column":22,"line":15},"start":{"column":2,"line":15}},"name":"isArr"},"10":{"line":205,"loc":{"end":{"column":21,"line":205},"start":{"column":6,"line":205}},"name":"set"},"11":{"line":208,"loc":{"end":{"column":35,"line":208},"start":{"column":8,"line":208}},"name":"recruit"},"12":{"line":244,"loc":{"end":{"column":33,"line":244},"start":{"column":16,"line":244}},"name":"(anonymous_12)"},"13":{"line":253,"loc":{"end":{"column":45,"line":253},"start":{"column":19,"line":253}},"name":"(anonymous_13)"},"14":{"line":282,"loc":{"end":{"column":24,"line":282},"start":{"column":13,"line":282}},"name":"(anonymous_14)"},"15":{"line":295,"loc":{"end":{"column":32,"line":295},"start":{"column":21,"line":295}},"name":"(anonymous_15)"},"2":{"line":19,"loc":{"end":{"column":22,"line":19},"start":{"column":2,"line":19}},"name":"isObj"},"3":{"line":27,"loc":{"end":{"column":42,"line":27},"start":{"column":2,"line":27}},"name":"copy"},"4":{"line":55,"loc":{"end":{"column":36,"line":55},"start":{"column":2,"line":55}},"name":"merge"},"5":{"line":80,"loc":{"end":{"column":27,"line":80},"start":{"column":2,"line":80}},"name":"each"},"6":{"line":128,"loc":{"end":{"column":34,"line":128},"start":{"column":16,"line":128}},"name":"(anonymous_6)"},"7":{"line":155,"loc":{"end":{"column":27,"line":155},"start":{"column":11,"line":155}},"name":"(anonymous_7)"},"8":{"line":184,"loc":{"end":{"column":52,"line":184},"start":{"column":12,"line":184}},"name":"(anonymous_8)"},"9":{"line":191,"loc":{"end":{"column":21,"line":191},"start":{"column":6,"line":191}},"name":"get"}},"path":"/Users/lzz/github/pandora/base/base.js","s":{"1":1,"10":45,"11":45,"12":0,"13":45,"14":45,"15":16,"16":16,"17":29,"18":29,"19":61,"2":1,"20":1,"21":14,"22":14,"23":8,"24":14,"25":38,"26":24,"27":38,"28":14,"29":32,"3":1,"30":14,"31":1,"32":3,"33":3,"34":8,"35":1,"36":14,"37":14,"38":14,"39":3,"4":47,"40":2,"41":1,"42":1,"43":1,"44":56,"45":56,"46":2,"47":1,"48":41,"49":41,"5":1,"50":59,"51":42,"52":17,"53":24,"54":1,"55":12,"56":1,"57":31,"58":31,"59":19,"6":100,"60":19,"61":12,"62":12,"63":12,"64":54,"65":1,"66":53,"67":41,"68":12,"69":13,"7":1,"70":14,"71":14,"72":14,"73":11,"74":3,"75":8,"76":8,"77":2,"78":8,"79":2,"8":61,"80":6,"81":6,"82":3,"83":3,"84":3,"85":1,"86":1,"87":1,"88":17,"89":1,"9":61,"90":1,"91":1},"statementMap":{"1":{"end":{"column":39,"line":11},"start":{"column":2,"line":10}},"10":{"end":{"column":22,"line":31},"start":{"column":6,"line":31}},"11":{"end":{"column":7,"line":35},"start":{"column":6,"line":33}},"12":{"end":{"column":17,"line":34},"start":{"column":8,"line":34}},"13":{"end":{"column":22,"line":37},"start":{"column":6,"line":37}},"14":{"end":{"column":7,"line":49},"start":{"column":6,"line":39}},"15":{"end":{"column":41,"line":44},"start":{"column":8,"line":42}},"16":{"end":{"column":44,"line":46},"start":{"column":8,"line":46}},"17":{"end":{"column":7,"line":49},"start":{"column":13,"line":47}},"18":{"end":{"column":24,"line":48},"start":{"column":8,"line":48}},"19":{"end":{"column":18,"line":52},"start":{"column":4,"line":52}},"2":{"end":{"column":39,"line":13},"start":{"column":2,"line":13}},"20":{"end":{"column":3,"line":78},"start":{"column":2,"line":55}},"21":{"end":{"column":45,"line":59},"start":{"column":4,"line":56}},"22":{"end":{"column":5,"line":63},"start":{"column":4,"line":61}},"23":{"end":{"column":24,"line":62},"start":{"column":6,"line":62}},"24":{"end":{"column":5,"line":71},"start":{"column":4,"line":65}},"25":{"end":{"column":7,"line":68},"start":{"column":6,"line":66}},"26":{"end":{"column":33,"line":67},"start":{"column":8,"line":67}},"27":{"end":{"column":43,"line":70},"start":{"column":6,"line":70}},"28":{"end":{"column":5,"line":75},"start":{"column":4,"line":73}},"29":{"end":{"column":21,"line":74},"start":{"column":6,"line":74}},"3":{"end":{"column":3,"line":17},"start":{"column":2,"line":15}},"30":{"end":{"column":15,"line":77},"start":{"column":4,"line":77}},"31":{"end":{"column":3,"line":85},"start":{"column":2,"line":80}},"32":{"end":{"column":10,"line":81},"start":{"column":4,"line":81}},"33":{"end":{"column":5,"line":84},"start":{"column":4,"line":82}},"34":{"end":{"column":33,"line":83},"start":{"column":6,"line":83}},"35":{"end":{"column":5,"line":298},"start":{"column":2,"line":120}},"36":{"end":{"column":56,"line":129},"start":{"column":6,"line":129}},"37":{"end":{"column":44,"line":132},"start":{"column":6,"line":132}},"38":{"end":{"column":24,"line":135},"start":{"column":6,"line":135}},"39":{"end":{"column":7,"line":158},"start":{"column":6,"line":156}},"4":{"end":{"column":68,"line":16},"start":{"column":4,"line":16}},"40":{"end":{"column":28,"line":157},"start":{"column":8,"line":157}},"41":{"end":{"column":27,"line":160},"start":{"column":6,"line":160}},"42":{"end":{"column":32,"line":169},"start":{"column":6,"line":169}},"43":{"end":{"column":18,"line":170},"start":{"column":6,"line":170}},"44":{"end":{"column":71,"line":185},"start":{"column":6,"line":185}},"45":{"end":{"column":7,"line":189},"start":{"column":6,"line":187}},"46":{"end":{"column":23,"line":188},"start":{"column":8,"line":188}},"47":{"end":{"column":7,"line":203},"start":{"column":6,"line":191}},"48":{"end":{"column":36,"line":192},"start":{"column":8,"line":192}},"49":{"end":{"column":9,"line":200},"start":{"column":8,"line":194}},"5":{"end":{"column":3,"line":25},"start":{"column":2,"line":19}},"50":{"end":{"column":11,"line":199},"start":{"column":10,"line":195}},"51":{"end":{"column":35,"line":196},"start":{"column":12,"line":196}},"52":{"end":{"column":19,"line":198},"start":{"column":12,"line":198}},"53":{"end":{"column":23,"line":202},"start":{"column":8,"line":202}},"54":{"end":{"column":7,"line":222},"start":{"column":6,"line":205}},"55":{"end":{"column":24,"line":206},"start":{"column":8,"line":206}},"56":{"end":{"column":9,"line":217},"start":{"column":8,"line":208}},"57":{"end":{"column":28,"line":209},"start":{"column":10,"line":209}},"58":{"end":{"column":11,"line":214},"start":{"column":10,"line":211}},"59":{"end":{"column":40,"line":212},"start":{"column":12,"line":212}},"6":{"end":{"column":65,"line":24},"start":{"column":4,"line":20}},"60":{"end":{"column":23,"line":213},"start":{"column":12,"line":213}},"61":{"end":{"column":23,"line":216},"start":{"column":10,"line":216}},"62":{"end":{"column":40,"line":219},"start":{"column":8,"line":219}},"63":{"end":{"column":40,"line":221},"start":{"column":8,"line":221}},"64":{"end":{"column":7,"line":232},"start":{"column":6,"line":224}},"65":{"end":{"column":37,"line":225},"start":{"column":8,"line":225}},"66":{"end":{"column":9,"line":231},"start":{"column":8,"line":227}},"67":{"end":{"column":23,"line":228},"start":{"column":10,"line":228}},"68":{"end":{"column":16,"line":230},"start":{"column":10,"line":230}},"69":{"end":{"column":18,"line":234},"start":{"column":6,"line":234}},"7":{"end":{"column":3,"line":53},"start":{"column":2,"line":27}},"70":{"end":{"column":22,"line":245},"start":{"column":6,"line":245}},"71":{"end":{"column":49,"line":247},"start":{"column":6,"line":247}},"72":{"end":{"column":7,"line":251},"start":{"column":6,"line":249}},"73":{"end":{"column":20,"line":250},"start":{"column":8,"line":250}},"74":{"end":{"column":9,"line":273},"start":{"column":6,"line":253}},"75":{"end":{"column":18,"line":254},"start":{"column":8,"line":254}},"76":{"end":{"column":9,"line":258},"start":{"column":8,"line":256}},"77":{"end":{"column":36,"line":257},"start":{"column":10,"line":257}},"78":{"end":{"column":9,"line":262},"start":{"column":8,"line":260}},"79":{"end":{"column":22,"line":261},"start":{"column":10,"line":261}},"8":{"end":{"column":40,"line":28},"start":{"column":4,"line":28}},"80":{"end":{"column":53,"line":264},"start":{"column":8,"line":264}},"81":{"end":{"column":9,"line":272},"start":{"column":8,"line":266}},"82":{"end":{"column":45,"line":268},"start":{"column":10,"line":268}},"83":{"end":{"column":35,"line":271},"start":{"column":10,"line":271}},"84":{"end":{"column":18,"line":275},"start":{"column":6,"line":275}},"85":{"end":{"column":15,"line":283},"start":{"column":6,"line":283}},"86":{"end":{"column":17,"line":286},"start":{"column":6,"line":286}},"87":{"end":{"column":7,"line":293},"start":{"column":6,"line":289}},"88":{"end":{"column":9,"line":292},"start":{"column":8,"line":290}},"89":{"end":{"column":28,"line":291},"start":{"column":10,"line":291}},"9":{"end":{"column":5,"line":50},"start":{"column":4,"line":30}},"90":{"end":{"column":35,"line":295},"start":{"column":6,"line":295}},"91":{"end":{"column":24,"line":300},"start":{"column":2,"line":300}}}},"/Users/lzz/github/pandora/base/lib/aspect.js":{"b":{"1":[2,1],"2":[1,1],"3":[1,1]},"branchMap":{"1":{"line":50,"locations":[{"end":{"column":2,"line":50},"start":{"column":2,"line":50}},{"end":{"column":2,"line":50},"start":{"column":2,"line":50}}],"type":"if"},"2":{"line":51,"locations":[{"end":{"column":4,"line":51},"start":{"column":4,"line":51}},{"end":{"column":4,"line":51},"start":{"column":4,"line":51}}],"type":"if"},"3":{"line":70,"locations":[{"end":{"column":4,"line":70},"start":{"column":4,"line":70}},{"end":{"column":4,"line":70},"start":{"column":4,"line":70}}],"type":"if"}},"f":{"1":0,"2":1,"3":2,"4":3,"5":1,"6":2},"fnMap":{"1":{"line":18,"loc":{"end":{"column":25,"line":18},"start":{"column":13,"line":18}},"name":"(anonymous_1)"},"2":{"line":29,"loc":{"end":{"column":42,"line":29},"start":{"column":10,"line":29}},"name":"(anonymous_2)"},"3":{"line":40,"loc":{"end":{"column":41,"line":40},"start":{"column":9,"line":40}},"name":"(anonymous_3)"},"4":{"line":46,"loc":{"end":{"column":43,"line":46},"start":{"column":0,"line":46}},"name":"wave"},"5":{"line":61,"loc":{"end":{"column":27,"line":61},"start":{"column":0,"line":61}},"name":"wrap"},"6":{"line":65,"loc":{"end":{"column":33,"line":65},"start":{"column":21,"line":65}},"name":"(anonymous_6)"}},"path":"/Users/lzz/github/pandora/base/lib/aspect.js","s":{"1":1,"10":2,"11":3,"12":1,"13":1,"14":1,"15":2,"16":2,"17":1,"18":1,"19":1,"2":1,"20":1,"21":1,"22":1,"3":1,"4":2,"5":1,"6":3,"7":3,"8":2,"9":1},"statementMap":{"1":{"end":{"column":29,"line":18},"start":{"column":0,"line":18}},"10":{"end":{"column":47,"line":55},"start":{"column":4,"line":55}},"11":{"end":{"column":14,"line":58},"start":{"column":2,"line":58}},"12":{"end":{"column":1,"line":84},"start":{"column":0,"line":61}},"13":{"end":{"column":32,"line":63},"start":{"column":2,"line":63}},"14":{"end":{"column":4,"line":81},"start":{"column":2,"line":65}},"15":{"end":{"column":13,"line":67},"start":{"column":4,"line":66}},"16":{"end":{"column":5,"line":72},"start":{"column":4,"line":70}},"17":{"end":{"column":13,"line":71},"start":{"column":6,"line":71}},"18":{"end":{"column":43,"line":75},"start":{"column":4,"line":75}},"19":{"end":{"column":72,"line":78},"start":{"column":4,"line":78}},"2":{"end":{"column":2,"line":44},"start":{"column":0,"line":20}},"20":{"end":{"column":18,"line":80},"start":{"column":4,"line":80}},"21":{"end":{"column":37,"line":83},"start":{"column":2,"line":83}},"22":{"end":{"column":24,"line":86},"start":{"column":0,"line":86}},"3":{"end":{"column":59,"line":30},"start":{"column":4,"line":30}},"4":{"end":{"column":58,"line":41},"start":{"column":4,"line":41}},"5":{"end":{"column":1,"line":59},"start":{"column":0,"line":46}},"6":{"end":{"column":32,"line":48},"start":{"column":2,"line":48}},"7":{"end":{"column":3,"line":56},"start":{"column":2,"line":50}},"8":{"end":{"column":5,"line":53},"start":{"column":4,"line":51}},"9":{"end":{"column":34,"line":52},"start":{"column":6,"line":52}}}}}