TN:
SF:/Users/lzz/github/pandora/base/base.js
FN:15,isArr
FN:19,isObj
FN:27,copy
FN:55,merge
FN:80,each
FN:128,(anonymous_6)
FN:155,(anonymous_7)
FN:184,(anonymous_8)
FN:191,get
FN:205,set
FN:208,recruit
FN:244,(anonymous_12)
FN:253,(anonymous_13)
FN:282,(anonymous_14)
FN:295,(anonymous_15)
FNF:15
FNH:15
FNDA:47,isArr
FNDA:100,isObj
FNDA:61,copy
FNDA:14,merge
FNDA:3,each
FNDA:14,(anonymous_6)
FNDA:3,(anonymous_7)
FNDA:56,(anonymous_8)
FNDA:41,get
FNDA:12,set
FNDA:31,recruit
FNDA:14,(anonymous_12)
FNDA:8,(anonymous_13)
FNDA:1,(anonymous_14)
FNDA:1,(anonymous_15)
DA:10,1
DA:13,1
DA:15,1
DA:16,47
DA:19,1
DA:20,100
DA:27,1
DA:28,61
DA:30,61
DA:31,45
DA:33,45
DA:34,0
DA:37,45
DA:39,45
DA:42,16
DA:46,16
DA:47,29
DA:48,29
DA:52,61
DA:55,1
DA:56,14
DA:61,14
DA:62,8
DA:65,14
DA:66,38
DA:67,24
DA:70,38
DA:73,14
DA:74,32
DA:77,14
DA:80,1
DA:81,3
DA:82,3
DA:83,8
DA:120,1
DA:129,14
DA:132,14
DA:135,14
DA:156,3
DA:157,2
DA:160,1
DA:169,1
DA:170,1
DA:185,56
DA:187,56
DA:188,2
DA:191,1
DA:192,41
DA:194,41
DA:195,59
DA:196,42
DA:198,17
DA:202,24
DA:205,1
DA:206,12
DA:208,1
DA:209,31
DA:211,31
DA:212,19
DA:213,19
DA:216,12
DA:219,12
DA:221,12
DA:224,54
DA:225,1
DA:227,53
DA:228,41
DA:230,12
DA:234,13
DA:245,14
DA:247,14
DA:249,14
DA:250,11
DA:253,3
DA:254,8
DA:256,8
DA:257,2
DA:260,8
DA:261,2
DA:264,6
DA:266,6
DA:268,3
DA:271,3
DA:275,3
DA:283,1
DA:286,1
DA:289,1
DA:290,17
DA:291,1
DA:295,1
DA:300,1
LF:91
LH:90
BRDA:20,1,0,100
BRDA:20,1,1,98
BRDA:20,1,2,16
BRDA:20,1,3,16
BRDA:20,1,4,16
BRDA:33,2,0,0
BRDA:33,2,1,45
BRDA:39,3,0,16
BRDA:39,3,1,29
BRDA:39,4,0,45
BRDA:39,4,1,45
BRDA:39,4,2,41
BRDA:42,5,0,4
BRDA:42,5,1,12
BRDA:43,6,0,2
BRDA:43,6,1,2
BRDA:43,7,0,4
BRDA:43,7,1,2
BRDA:44,8,0,3
BRDA:44,8,1,9
BRDA:44,9,0,12
BRDA:44,9,1,5
BRDA:47,10,0,29
BRDA:47,10,1,0
BRDA:61,11,0,8
BRDA:61,11,1,6
BRDA:66,12,0,24
BRDA:66,12,1,14
BRDA:156,13,0,2
BRDA:156,13,1,1
BRDA:185,14,0,0
BRDA:185,14,1,56
BRDA:187,15,0,2
BRDA:187,15,1,54
BRDA:195,16,0,42
BRDA:195,16,1,17
BRDA:211,17,0,19
BRDA:211,17,1,12
BRDA:224,18,0,1
BRDA:224,18,1,53
BRDA:227,19,0,41
BRDA:227,19,1,12
BRDA:247,20,0,14
BRDA:247,20,1,14
BRDA:249,21,0,11
BRDA:249,21,1,3
BRDA:256,22,0,2
BRDA:256,22,1,6
BRDA:260,23,0,2
BRDA:260,23,1,6
BRDA:266,24,0,3
BRDA:266,24,1,3
BRDA:290,25,0,1
BRDA:290,25,1,16
BRF:54
BRH:51
end_of_record
TN:
SF:/Users/lzz/github/pandora/base/lib/aspect.js
FN:18,(anonymous_1)
FN:29,(anonymous_2)
FN:40,(anonymous_3)
FN:46,wave
FN:61,wrap
FN:65,(anonymous_6)
FNF:6
FNH:5
FNDA:0,(anonymous_1)
FNDA:1,(anonymous_2)
FNDA:2,(anonymous_3)
FNDA:3,wave
FNDA:1,wrap
FNDA:2,(anonymous_6)
DA:18,1
DA:20,1
DA:30,1
DA:41,2
DA:46,1
DA:48,3
DA:50,3
DA:51,2
DA:52,1
DA:55,2
DA:58,3
DA:61,1
DA:63,1
DA:65,1
DA:66,2
DA:70,2
DA:71,1
DA:75,1
DA:78,1
DA:80,1
DA:83,1
DA:86,1
LF:22
LH:22
BRDA:50,1,0,2
BRDA:50,1,1,1
BRDA:51,2,0,1
BRDA:51,2,1,1
BRDA:70,3,0,1
BRDA:70,3,1,1
BRF:6
BRH:6
end_of_record
